PLINK v2.0.0-a.7 AVX2 (19 Oct 2025)
Options in effect:
  --export vcf
  --map RiceDiversity/sativas413.map
  --out RiceDiversity/sativas413
  --ped RiceDiversity/sativas413.ped

Hostname: DESKTOP-932IFU7
Working directory: D:\GIT\clases-de-biotecnolog-a_1
Start time: Fri Oct 24 19:56:36 2025

Random number seed: 1761353796
8083 MiB RAM detected; reserving 4041 MiB for main workspace.
Using up to 8 compute threads.
--pedmap: 36901 variants in .map file.
--pedmap: 413 samples present, genotypes extracted to
RiceDiversity/sativas413-temporary.bed.smaj .
Transposing sample-major .bed to RiceDiversity/sativas413-temporary.pgen , and
setting major alleles to provisional-REF.
Transpose complete.
--pedmap: RiceDiversity/sativas413-temporary.pgen +
RiceDiversity/sativas413-temporary.pvar +
RiceDiversity/sativas413-temporary.psam written. .bed.smaj and .fam.tmp
temporary files deleted.
413 samples (0 females, 0 males, 413 ambiguous; 413 founders) loaded from
RiceDiversity/sativas413-temporary.psam.
36901 variants loaded from RiceDiversity/sativas413-temporary.pvar.
Note: No phenotype data present.
--export vcf to RiceDiversity/sativas413.vcf ... done.

End time: Fri Oct 24 19:56:38 2025
